Using pre-set license
Built from '2020.2/staging' branch; Version is '2020.2.3f1 (8ff31bc5bf5b) revision 9433883'; Using compiler version '192528614'; Build Type 'Release'
OS: 'Windows 10 Home; OS build 19041.804; Version 2004; 64bit' Language: 'ru' Physical Memory: 6036 MB
BatchMode: 1, IsHumanControllingUs: 0, StartBugReporterOnCrash: 0, Is64bit: 1, IsPro: 0

 COMMAND LINE ARGUMENTS:
C:\Program Files\Unity\Hub\Editor\2020.2.3f1\Editor\Unity.exe
-adb2
-batchMode
-noUpm
-name
AssetImportWorker0
-projectPath
C:/Users/DeaDD/AppData/Local/Temp/vrtest
-logFile
Logs/AssetImportWorker0.log
-srvPort
50096
Successfully changed project path to: C:/Users/DeaDD/AppData/Local/Temp/vrtest
C:/Users/DeaDD/AppData/Local/Temp/vrtest
Using Asset Import Pipeline V2.
Refreshing native plugins compatible for Editor in 98.45 ms, found 3 plugins.
Preloading 1 native plugins for Editor in 1.53 ms.
Initialize engine version: 2020.2.3f1 (8ff31bc5bf5b)
[Subsystems] Discovering subsystems at path C:/Program Files/Unity/Hub/Editor/2020.2.3f1/Editor/Data/Resources/UnitySubsystems
[Subsystems] Discovering subsystems at path C:/Users/DeaDD/AppData/Local/Temp/vrtest/Assets
GfxDevice: creating device client; threaded=0
Direct3D:
    Version:  Direct3D 11.0 [level 11.1]
    Renderer: NVIDIA GeForce GTX 1050 Ti (ID=0x1c8c)
    Vendor:   
    VRAM:     4021 MB
    Driver:   27.21.14.5167
Shader 'Universal Render Pipeline/Particles/Lit': fallback shader 'Universal Render Pipeline/Particles/SimpleLit' not found
Initialize mono
Mono path[0] = 'C:/Program Files/Unity/Hub/Editor/2020.2.3f1/Editor/Data/Managed'
Mono path[1] = 'C:/Program Files/Unity/Hub/Editor/2020.2.3f1/Editor/Data/MonoBleedingEdge/lib/mono/unityjit'
Mono config path = 'C:/Program Files/Unity/Hub/Editor/2020.2.3f1/Editor/Data/MonoBleedingEdge/etc'
Using monoOptions --debugger-agent=transport=dt_socket,embedding=1,server=y,suspend=n,address=127.0.0.1:56068
Begin MonoManager ReloadAssembly
Registering precompiled unity dll's ...
Register platform support module: C:/Program Files/Unity/Hub/Editor/2020.2.3f1/Editor/Data/PlaybackEngines/WindowsStandaloneSupport/UnityEditor.WindowsStandalone.Extensions.dll
Registered in 0.001871 seconds.
Native extension for WindowsStandalone target not found
Refreshing native plugins compatible for Editor in 74.18 ms, found 3 plugins.
Preloading 1 native plugins for Editor in 0.13 ms.
Unable to find bridge dll in registry for Microsoft Visual Studio Tools for Unity for C:/Program Files (x86)/Microsoft Visual Studio/2019/Community/Common7/IDE/devenv.exe
Invoked RoslynAnalysisRunner static constructor.
RoslynAnalysisRunner will not be running.
RoslynAnalysisRunner has terminated.
Mono: successfully reloaded assembly
- Completed reload, in  4.815 seconds
Platform modules already initialized, skipping
Registering precompiled user dll's ...
Registered in 0.002572 seconds.
Begin MonoManager ReloadAssembly
Native extension for WindowsStandalone target not found
Refreshing native plugins compatible for Editor in 78.61 ms, found 3 plugins.
Preloading 1 native plugins for Editor in 0.08 ms.
Invoked RoslynAnalysisRunner static constructor.
RoslynAnalysisRunner will not be running.
RoslynAnalysisRunner has terminated.
[XR] OculusXRPlugin: registering subsystems
[XR] Unable to register display lifecyle provider: [1]
[XR] Oculus Input lifecycle provider registered.
[XR] Unable to register input lifecyle provider: [1]
NullReferenceException: Object reference not set to an instance of an object
  at Unity.XR.Oculus.OculusLoader.AssetPathToAbsolutePath (System.String assetPath) [0x00048] in C:\Users\DeaDD\AppData\Local\Temp\fe68932ae91f2d04ea73a89f132eecda\Library\PackageCache\com.unity.xr.oculus@1.6.1\Runtime\OculusLoader.cs:242 
  at Unity.XR.Oculus.OculusLoader.EditorLoadOVRPlugin () [0x0007b] in C:\Users\DeaDD\AppData\Local\Temp\fe68932ae91f2d04ea73a89f132eecda\Library\PackageCache\com.unity.xr.oculus@1.6.1\Runtime\OculusLoader.cs:227 

(Filename: C:/Users/DeaDD/AppData/Local/Temp/fe68932ae91f2d04ea73a89f132eecda/Library/PackageCache/com.unity.xr.oculus@1.6.1/Runtime/OculusLoader.cs Line: 242)

Mono: successfully reloaded assembly
- Completed reload, in  1.472 seconds
Platform modules already initialized, skipping
========================================================================
Worker process is ready to serve import requests
Shader 'Universal Render Pipeline/Particles/Lit': fallback shader 'Universal Render Pipeline/Particles/SimpleLit' not found
Launched and connected shader compiler UnityShaderCompiler.exe after 0.09 seconds
Refreshing native plugins compatible for Editor in 0.72 ms, found 3 plugins.
Preloading 1 native plugins for Editor in 0.08 ms.
Unloading 3154 Unused Serialized files (Serialized files now loaded: 0)
System memory in use before: 136.7 MB.
System memory in use after: 136.9 MB.

Unloading 12 unused Assets to reduce memory usage. Loaded Objects now: 3596.
Total: 4.199600 ms (FindLiveObjects: 0.546500 ms CreateObjectMapping: 0.174800 ms MarkObjects: 3.323600 ms  DeleteObjects: 0.153300 ms)

========================================================================
Received Import Request.
  path: Assets/TutorialInfo
  artifactKey: Guid(adb538d173d46a34f859a0ba3cea49f5) Importer(815301076,1909f56bfc062723c751e8b465ee728b)
Start importing Assets/TutorialInfo using Guid(adb538d173d46a34f859a0ba3cea49f5) Importer(815301076,1909f56bfc062723c751e8b465ee728b)  -> (artifact id: '0b96915a5067854cfbb1ef3242119fe7') in 0.024116 seconds
  Import took 0.036815 seconds .

========================================================================
Received Import Request.
  Time since last request: 0.001425 seconds.
  path: Assets/TutorialInfo/Scripts
  artifactKey: Guid(5a9bcd70e6a4b4b05badaa72e827d8e0) Importer(815301076,1909f56bfc062723c751e8b465ee728b)
Start importing Assets/TutorialInfo/Scripts using Guid(5a9bcd70e6a4b4b05badaa72e827d8e0) Importer(815301076,1909f56bfc062723c751e8b465ee728b)  -> (artifact id: 'c9c45a3e302931219d49e1decd364261') in 0.015270 seconds
  Import took 0.033052 seconds .

========================================================================
Received Import Request.
  Time since last request: 0.000286 seconds.
  path: Assets/TutorialInfo/Scripts/Editor
  artifactKey: Guid(3ad9b87dffba344c89909c6d1b1c17e1) Importer(815301076,1909f56bfc062723c751e8b465ee728b)
Start importing Assets/TutorialInfo/Scripts/Editor using Guid(3ad9b87dffba344c89909c6d1b1c17e1) Importer(815301076,1909f56bfc062723c751e8b465ee728b)  -> (artifact id: '56a0616b35b217d7f81aeb176b16aeaa') in 0.015178 seconds
  Import took 0.022964 seconds .

========================================================================
Received Import Request.
  Time since last request: 0.000391 seconds.
  path: Assets/VR Beginner
  artifactKey: Guid(bf90c63b4b31b0540909a010025777b7) Importer(815301076,1909f56bfc062723c751e8b465ee728b)
Start importing Assets/VR Beginner using Guid(bf90c63b4b31b0540909a010025777b7) Importer(815301076,1909f56bfc062723c751e8b465ee728b)  -> (artifact id: '034edff14209a4ff86fa62f645f7cc73') in 0.010623 seconds
  Import took 0.027498 seconds .

========================================================================
Received Import Request.
  Time since last request: 0.352864 seconds.
  path: Assets/VR Beginner/Materials
  artifactKey: Guid(5e6d26937d2c32b43ba72924bc3e93af) Importer(815301076,1909f56bfc062723c751e8b465ee728b)
Start importing Assets/VR Beginner/Materials using Guid(5e6d26937d2c32b43ba72924bc3e93af) Importer(815301076,1909f56bfc062723c751e8b465ee728b)  -> (artifact id: 'b3263581b918fe3bfdb5c0141d0b3ea4') in 0.013680 seconds
  Import took 0.024229 seconds .

========================================================================
Received Import Request.
  Time since last request: 0.101855 seconds.
  path: Assets/VR Beginner/Materials/BoxGrid.mat
  artifactKey: Guid(85947ffe4a26a41458fada64061c9d44) Importer(815301076,1909f56bfc062723c751e8b465ee728b)
Start importing Assets/VR Beginner/Materials/BoxGrid.mat using Guid(85947ffe4a26a41458fada64061c9d44) Importer(815301076,1909f56bfc062723c751e8b465ee728b)  -> (artifact id: 'd14a6e6e4cb81eb9c0bb482d12b996bf') in 1.404452 seconds
  Import took 1.416980 seconds .

========================================================================
Received Import Request.
  Time since last request: 0.000313 seconds.
  path: Assets/VR Beginner/Materials/Thermostat.mat
  artifactKey: Guid(d78698f9369911a4f9cddb5d54725359) Importer(815301076,1909f56bfc062723c751e8b465ee728b)
Start importing Assets/VR Beginner/Materials/Thermostat.mat using Guid(d78698f9369911a4f9cddb5d54725359) Importer(815301076,1909f56bfc062723c751e8b465ee728b)  -> (artifact id: 'f28b4fccee73237dbf64fb90f6a26be7') in 0.633693 seconds
  Import took 0.639950 seconds .

========================================================================
Received Import Request.
  Time since last request: 0.000264 seconds.
  path: Assets/VR Beginner/Materials/Drill.mat
  artifactKey: Guid(b6c84f572bc946d4b84bc3b6f87496f7) Importer(815301076,1909f56bfc062723c751e8b465ee728b)
Start importing Assets/VR Beginner/Materials/Drill.mat using Guid(b6c84f572bc946d4b84bc3b6f87496f7) Importer(815301076,1909f56bfc062723c751e8b465ee728b)  -> (artifact id: '8c873a6af03745df935bd28b3f40f6c4') in 0.446793 seconds
  Import took 0.453863 seconds .

========================================================================
Received Import Request.
  Time since last request: 0.000372 seconds.
  path: Assets/VR Beginner/Materials/Fuse.mat
  artifactKey: Guid(3a5b60aad7ea6b64b857c3bfc3c15738) Importer(815301076,1909f56bfc062723c751e8b465ee728b)
Start importing Assets/VR Beginner/Materials/Fuse.mat using Guid(3a5b60aad7ea6b64b857c3bfc3c15738) Importer(815301076,1909f56bfc062723c751e8b465ee728b)  -> (artifact id: '58db193cd572da79fdf80535cfc0d041') in 0.092791 seconds
  Import took 0.103645 seconds .

========================================================================
Received Import Request.
  Time since last request: 0.000307 seconds.
  path: Assets/VR Beginner/Materials/Hourglass.mat
  artifactKey: Guid(55950412b149dba4babae087ba0932fb) Importer(815301076,1909f56bfc062723c751e8b465ee728b)
Start importing Assets/VR Beginner/Materials/Hourglass.mat using Guid(55950412b149dba4babae087ba0932fb) Importer(815301076,1909f56bfc062723c751e8b465ee728b)  -> (artifact id: '4d0d49cb899c45e79f4a7685d8bc3dfb') in 0.075678 seconds
  Import took 0.084904 seconds .

========================================================================
Received Import Request.
  Time since last request: 0.000295 seconds.
  path: Assets/VR Beginner/Materials/HDRISkybox.mat
  artifactKey: Guid(cdd800a70c9988241823689d0e3cf46f) Importer(815301076,1909f56bfc062723c751e8b465ee728b)
Start importing Assets/VR Beginner/Materials/HDRISkybox.mat using Guid(cdd800a70c9988241823689d0e3cf46f) Importer(815301076,1909f56bfc062723c751e8b465ee728b)  -> (artifact id: 'e61d23c2d85f603c7bc8ca5f96720c58') in 0.134833 seconds
  Import took 0.141443 seconds .

========================================================================
Received Import Request.
  Time since last request: 0.000237 seconds.
  path: Assets/VR Beginner/Materials/RemoteController.mat
  artifactKey: Guid(39f83a14f1b5b524e875fadf99b70af8) Importer(815301076,1909f56bfc062723c751e8b465ee728b)
Start importing Assets/VR Beginner/Materials/RemoteController.mat using Guid(39f83a14f1b5b524e875fadf99b70af8) Importer(815301076,1909f56bfc062723c751e8b465ee728b)  -> (artifact id: 'ae4cbcdca21102b14d437ec89c90893d') in 0.077836 seconds
  Import took 0.084680 seconds .

========================================================================
Received Import Request.
  Time since last request: 0.000215 seconds.
  path: Assets/VR Beginner/Materials/GlassBounce.physicMaterial
  artifactKey: Guid(ca7e678f610631948b4ea5bc5740f361) Importer(815301076,1909f56bfc062723c751e8b465ee728b)
Start importing Assets/VR Beginner/Materials/GlassBounce.physicMaterial using Guid(ca7e678f610631948b4ea5bc5740f361) Importer(815301076,1909f56bfc062723c751e8b465ee728b)  -> (artifact id: 'fdfb5be398157da8a8e7804b757574f6') in 0.035786 seconds
  Import took 0.043486 seconds .

========================================================================
Received Import Request.
  Time since last request: 0.000263 seconds.
  path: Assets/VR Beginner/Materials/DimmerSwitch.mat
  artifactKey: Guid(e222dbc97a43bbd41adc4f857de98ae1) Importer(815301076,1909f56bfc062723c751e8b465ee728b)
Start importing Assets/VR Beginner/Materials/DimmerSwitch.mat using Guid(e222dbc97a43bbd41adc4f857de98ae1) Importer(815301076,1909f56bfc062723c751e8b465ee728b)  -> (artifact id: '82fec2442fd8cd3616ee5bc8adff3809') in 0.100068 seconds
  Import took 0.106613 seconds .

========================================================================
Received Import Request.
  Time since last request: 0.000213 seconds.
  path: Assets/VR Beginner/Materials/SkyboxBlue.mat
  artifactKey: Guid(95426e3e34c84d94a8f6c2d1db6df984) Importer(815301076,1909f56bfc062723c751e8b465ee728b)
Start importing Assets/VR Beginner/Materials/SkyboxBlue.mat using Guid(95426e3e34c84d94a8f6c2d1db6df984) Importer(815301076,1909f56bfc062723c751e8b465ee728b)  -> (artifact id: 'e0c01639361a8d35e9e475981e51c173') in 0.048735 seconds
  Import took 0.057434 seconds .

========================================================================
Received Import Request.
  Time since last request: 0.000197 seconds.
  path: Assets/VR Beginner/Materials/greenliquid.mat
  artifactKey: Guid(f5d45bc1d2cb66b49a693c5bf6e4a180) Importer(815301076,1909f56bfc062723c751e8b465ee728b)
Start importing Assets/VR Beginner/Materials/greenliquid.mat using Guid(f5d45bc1d2cb66b49a693c5bf6e4a180) Importer(815301076,1909f56bfc062723c751e8b465ee728b)  -> (artifact id: '23ec6d866bf662f4363b20deab3b219c') in 0.393873 seconds
  Import took 0.400923 seconds .

========================================================================
Received Import Request.
  Time since last request: 0.000349 seconds.
  path: Assets/VR Beginner/Materials/SkyboxBlank.mat
  artifactKey: Guid(508785c2af3499b4790effb0803f30eb) Importer(815301076,1909f56bfc062723c751e8b465ee728b)
Start importing Assets/VR Beginner/Materials/SkyboxBlank.mat using Guid(508785c2af3499b4790effb0803f30eb) Importer(815301076,1909f56bfc062723c751e8b465ee728b)  -> (artifact id: '86a8380252e057a11767b33a59740390') in 0.095903 seconds
  Import took 0.102829 seconds .

========================================================================
Received Import Request.
  Time since last request: 0.000237 seconds.
  path: Assets/VR Beginner/Materials/Kettle.mat
  artifactKey: Guid(e393265ee823ae946b36b57845ab34db) Importer(815301076,1909f56bfc062723c751e8b465ee728b)
Start importing Assets/VR Beginner/Materials/Kettle.mat using Guid(e393265ee823ae946b36b57845ab34db) Importer(815301076,1909f56bfc062723c751e8b465ee728b)  -> (artifact id: '2ae9021acafc47859a284754c9a188d4') in 0.073872 seconds
  Import took 0.079143 seconds .

========================================================================
Received Import Request.
  Time since last request: 0.000210 seconds.
  path: Assets/VR Beginner/Materials/Mug.mat
  artifactKey: Guid(56c602ef423139e4a974fdaec2a4eafa) Importer(815301076,1909f56bfc062723c751e8b465ee728b)
Start importing Assets/VR Beginner/Materials/Mug.mat using Guid(56c602ef423139e4a974fdaec2a4eafa) Importer(815301076,1909f56bfc062723c751e8b465ee728b)  -> (artifact id: 'd31839128c83c84615fc424b424675a7') in 0.080274 seconds
  Import took 0.087200 seconds .

========================================================================
Received Import Request.
  Time since last request: 0.000291 seconds.
  path: Assets/VR Beginner/Materials/TheMaterial.mat
  artifactKey: Guid(b087163334465c846aaae5f8ba363f50) Importer(815301076,1909f56bfc062723c751e8b465ee728b)
Start importing Assets/VR Beginner/Materials/TheMaterial.mat using Guid(b087163334465c846aaae5f8ba363f50) Importer(815301076,1909f56bfc062723c751e8b465ee728b)  -> (artifact id: '5232ff159ca26638caa430ff3f013ee5') in 0.422212 seconds
  Import took 0.429150 seconds .

========================================================================
Received Import Request.
  Time since last request: 0.000305 seconds.
  path: Assets/VR Beginner/Materials/Gridtest.mat
  artifactKey: Guid(9e190c66eb01fad43afbb57a91e77ced) Importer(815301076,1909f56bfc062723c751e8b465ee728b)
Start importing Assets/VR Beginner/Materials/Gridtest.mat using Guid(9e190c66eb01fad43afbb57a91e77ced) Importer(815301076,1909f56bfc062723c751e8b465ee728b)  -> (artifact id: 'e4cb1f5ebaaa818f58e0d776b173aaff') in 0.035706 seconds
  Import took 0.044480 seconds .

========================================================================
Received Import Request.
  Time since last request: 0.000322 seconds.
  path: Assets/VR Beginner/Materials/Skybox.png
  artifactKey: Guid(e5ddee3454002a7428745aa7e954dbd7) Importer(815301076,1909f56bfc062723c751e8b465ee728b)
Start importing Assets/VR Beginner/Materials/Skybox.png using Guid(e5ddee3454002a7428745aa7e954dbd7) Importer(815301076,1909f56bfc062723c751e8b465ee728b)  -> (artifact id: 'a66907315b11c8277ee32f597fd10aa6') in 0.112730 seconds
  Import took 0.119687 seconds .

========================================================================
Received Import Request.
  Time since last request: 0.000265 seconds.
  path: Assets/VR Beginner/Materials/TheInstructions.mat
  artifactKey: Guid(99236b17adb169e478e82d0579d18c82) Importer(815301076,1909f56bfc062723c751e8b465ee728b)
Start importing Assets/VR Beginner/Materials/TheInstructions.mat using Guid(99236b17adb169e478e82d0579d18c82) Importer(815301076,1909f56bfc062723c751e8b465ee728b)  -> (artifact id: '51e81426dee147ace9ab5a95c80b703a') in 0.050439 seconds
  Import took 0.056034 seconds .

========================================================================
Received Import Request.
  Time since last request: 0.000314 seconds.
  path: Assets/VR Beginner/Materials/Glass.mat
  artifactKey: Guid(5aa6af6012af4f64bbbdec0165f4556d) Importer(815301076,1909f56bfc062723c751e8b465ee728b)
Start importing Assets/VR Beginner/Materials/Glass.mat using Guid(5aa6af6012af4f64bbbdec0165f4556d) Importer(815301076,1909f56bfc062723c751e8b465ee728b)  -> (artifact id: '9205c4a9fb483fc3c470ca458104c6db') in 0.037445 seconds
  Import took 0.047082 seconds .

========================================================================
Received Import Request.
  Time since last request: 0.000289 seconds.
  path: Assets/VR Beginner/Materials/Toaster.mat
  artifactKey: Guid(510316c8e8621fe4fa79bd9019d53965) Importer(815301076,1909f56bfc062723c751e8b465ee728b)
Start importing Assets/VR Beginner/Materials/Toaster.mat using Guid(510316c8e8621fe4fa79bd9019d53965) Importer(815301076,1909f56bfc062723c751e8b465ee728b)  -> (artifact id: 'a5d3b3f2235c441989c662a7acd2ed8c') in 0.068673 seconds
  Import took 0.075097 seconds .

========================================================================
Received Import Request.
  Time since last request: 0.000274 seconds.
  path: Assets/VR Beginner/Materials/Fan.mat
  artifactKey: Guid(a1f10f1f60a9e394fbba0910331565d2) Importer(815301076,1909f56bfc062723c751e8b465ee728b)
Start importing Assets/VR Beginner/Materials/Fan.mat using Guid(a1f10f1f60a9e394fbba0910331565d2) Importer(815301076,1909f56bfc062723c751e8b465ee728b)  -> (artifact id: 'a7d48c3cdc82a222c448b0a9440ee361') in 0.069027 seconds
  Import took 0.075286 seconds .

========================================================================
Received Import Request.
  Time since last request: 0.000255 seconds.
  path: Assets/VR Beginner/Materials/Toothbrush.mat
  artifactKey: Guid(db1b95b46c6700941afa501804c61be1) Importer(815301076,1909f56bfc062723c751e8b465ee728b)
Start importing Assets/VR Beginner/Materials/Toothbrush.mat using Guid(db1b95b46c6700941afa501804c61be1) Importer(815301076,1909f56bfc062723c751e8b465ee728b)  -> (artifact id: 'a4beda7360148f9bb0b04c5f57a7702b') in 0.068915 seconds
  Import took 0.074868 seconds .

========================================================================
Received Import Request.
  Time since last request: 0.000326 seconds.
  path: Assets/VR Beginner/Materials/UIAlwaysOnTop.mat
  artifactKey: Guid(c46d75374e0db1441a36370d5dffa10b) Importer(815301076,1909f56bfc062723c751e8b465ee728b)
Start importing Assets/VR Beginner/Materials/UIAlwaysOnTop.mat using Guid(c46d75374e0db1441a36370d5dffa10b) Importer(815301076,1909f56bfc062723c751e8b465ee728b)  -> (artifact id: '906164b80364625904abbf27d7589ab0') in 0.037504 seconds
  Import took 0.043568 seconds .

========================================================================
Received Import Request.
  Time since last request: 0.000283 seconds.
  path: Assets/VR Beginner/Materials/BubbleGun.mat
  artifactKey: Guid(3f6892afe3ba62840bd920bce9e67bc2) Importer(815301076,1909f56bfc062723c751e8b465ee728b)
Start importing Assets/VR Beginner/Materials/BubbleGun.mat using Guid(3f6892afe3ba62840bd920bce9e67bc2) Importer(815301076,1909f56bfc062723c751e8b465ee728b)  -> (artifact id: '20eb33371e30ec484340ff4c2ddd395b') in 0.070335 seconds
  Import took 0.077736 seconds .

========================================================================
Received Import Request.
  Time since last request: 0.000266 seconds.
  path: Assets/VR Beginner/Materials/SelfIllum.mat
  artifactKey: Guid(5347717e71dbf364ebee0d38ac13eba0) Importer(815301076,1909f56bfc062723c751e8b465ee728b)
Start importing Assets/VR Beginner/Materials/SelfIllum.mat using Guid(5347717e71dbf364ebee0d38ac13eba0) Importer(815301076,1909f56bfc062723c751e8b465ee728b)  -> (artifact id: 'db186f752118e79c2a50cceb2bfb95db') in 0.035257 seconds
  Import took 0.043881 seconds .

========================================================================
Received Import Request.
  Time since last request: 0.000210 seconds.
  path: Assets/VR Beginner/Materials/Flashlight.mat
  artifactKey: Guid(c32f8203033240a48848c96a1c981e62) Importer(815301076,1909f56bfc062723c751e8b465ee728b)
Start importing Assets/VR Beginner/Materials/Flashlight.mat using Guid(c32f8203033240a48848c96a1c981e62) Importer(815301076,1909f56bfc062723c751e8b465ee728b)  -> (artifact id: '0e037c1af09a96408628a2fc6444662a') in 0.074726 seconds
  Import took 0.082129 seconds .

========================================================================
Received Import Request.
  Time since last request: 0.000288 seconds.
  path: Assets/VR Beginner/Materials/LaserPointer.mat
  artifactKey: Guid(54f71d25e4d75244fb890facd94a7848) Importer(815301076,1909f56bfc062723c751e8b465ee728b)
Start importing Assets/VR Beginner/Materials/LaserPointer.mat using Guid(54f71d25e4d75244fb890facd94a7848) Importer(815301076,1909f56bfc062723c751e8b465ee728b)  -> (artifact id: 'c1fb54e4bc6191cfc8e32137d79ad4d2') in 0.076699 seconds
  Import took 0.085294 seconds .

========================================================================
Received Import Request.
  Time since last request: 0.000284 seconds.
  path: Assets/VR Beginner/Materials/TorchGlass.mat
  artifactKey: Guid(205fc949dd23f614ab63b958ee89b137) Importer(815301076,1909f56bfc062723c751e8b465ee728b)
Start importing Assets/VR Beginner/Materials/TorchGlass.mat using Guid(205fc949dd23f614ab63b958ee89b137) Importer(815301076,1909f56bfc062723c751e8b465ee728b)  -> (artifact id: '0ddcd3b787431381a3210dd3e49d8716') in 0.039226 seconds
  Import took 0.048270 seconds .

========================================================================
Received Import Request.
  Time since last request: 0.895343 seconds.
  path: Assets/VR Beginner/Models
  artifactKey: Guid(56a49e5dd9671cd469f0e0f139b6c9d9) Importer(815301076,1909f56bfc062723c751e8b465ee728b)
Start importing Assets/VR Beginner/Models using Guid(56a49e5dd9671cd469f0e0f139b6c9d9) Importer(815301076,1909f56bfc062723c751e8b465ee728b)  -> (artifact id: 'e55902a55450cc964f684f2c96764b0c') in 0.016137 seconds
  Import took 0.038801 seconds .

========================================================================
Received Import Request.
  Time since last request: 0.037316 seconds.
  path: Assets/VR Beginner/Models/BookBlue.fbx
  artifactKey: Guid(3997bb47d750c6b43a45ffbe9a805fde) Importer(815301076,1909f56bfc062723c751e8b465ee728b)
Start importing Assets/VR Beginner/Models/BookBlue.fbx using Guid(3997bb47d750c6b43a45ffbe9a805fde) Importer(815301076,1909f56bfc062723c751e8b465ee728b)  -> (artifact id: 'c546241b9dc5a65fe5d31be91f36d92d') in 0.468973 seconds
  Import took 0.478014 seconds .

========================================================================
Received Import Request.
  Time since last request: 0.000203 seconds.
  path: Assets/VR Beginner/Models/InstructionsIngredients.fbx
  artifactKey: Guid(b4a4f7336e1f91c40897a521e35cdc28) Importer(815301076,1909f56bfc062723c751e8b465ee728b)
Start importing Assets/VR Beginner/Models/InstructionsIngredients.fbx using Guid(b4a4f7336e1f91c40897a521e35cdc28) Importer(815301076,1909f56bfc062723c751e8b465ee728b)  -> (artifact id: 'e29ad2132c08b8b18be48daabeff6437') in 0.065707 seconds
  Import took 0.073070 seconds .

========================================================================
Received Import Request.
  Time since last request: 0.000191 seconds.
  path: Assets/VR Beginner/Models/BookHolder.fbx
  artifactKey: Guid(899596d67b24e29409c04c7f8a5f63be) Importer(815301076,1909f56bfc062723c751e8b465ee728b)
Start importing Assets/VR Beginner/Models/BookHolder.fbx using Guid(899596d67b24e29409c04c7f8a5f63be) Importer(815301076,1909f56bfc062723c751e8b465ee728b)  -> (artifact id: '6e2375482bac5d3bc45700b73a6e688f') in 0.045255 seconds
  Import took 0.051745 seconds .

========================================================================
Received Import Request.
  Time since last request: 0.000243 seconds.
  path: Assets/VR Beginner/Models/BookRed.fbx
  artifactKey: Guid(f0e429f9867e60a4bb625920c1d9a937) Importer(815301076,1909f56bfc062723c751e8b465ee728b)
Start importing Assets/VR Beginner/Models/BookRed.fbx using Guid(f0e429f9867e60a4bb625920c1d9a937) Importer(815301076,1909f56bfc062723c751e8b465ee728b)  -> (artifact id: '23594e3995e516632f8566aca954d753') in 0.048557 seconds
  Import took 0.056254 seconds .

========================================================================
Received Import Request.
  Time since last request: 0.000201 seconds.
  path: Assets/VR Beginner/Models/CauldronPipe.fbx
  artifactKey: Guid(ad77cbe223d0f5e459175facc032b464) Importer(815301076,1909f56bfc062723c751e8b465ee728b)
Start importing Assets/VR Beginner/Models/CauldronPipe.fbx using Guid(ad77cbe223d0f5e459175facc032b464) Importer(815301076,1909f56bfc062723c751e8b465ee728b)  -> (artifact id: '75287ca51bd68e8627f1fe1e2a30e2eb') in 0.047761 seconds
  Import took 0.053690 seconds .

========================================================================
Received Import Request.
  Time since last request: 0.000178 seconds.
  path: Assets/VR Beginner/Models/BookVanilla.fbx
  artifactKey: Guid(bf943320b75f4c7459c045b229d3f6bb) Importer(815301076,1909f56bfc062723c751e8b465ee728b)
Start importing Assets/VR Beginner/Models/BookVanilla.fbx using Guid(bf943320b75f4c7459c045b229d3f6bb) Importer(815301076,1909f56bfc062723c751e8b465ee728b)  -> (artifact id: '1605537f949d41759b1481a08a0f7991') in 0.050306 seconds
  Import took 0.056274 seconds .

========================================================================
Received Import Request.
  Time since last request: 0.000184 seconds.
  path: Assets/VR Beginner/Models/ghostToy.fbx
  artifactKey: Guid(82b96c091c6d92646ba83061cbc72d1a) Importer(815301076,1909f56bfc062723c751e8b465ee728b)
Start importing Assets/VR Beginner/Models/ghostToy.fbx using Guid(82b96c091c6d92646ba83061cbc72d1a) Importer(815301076,1909f56bfc062723c751e8b465ee728b)  -> (artifact id: '6c08940c67a825c72755ad29267dfea1') in 0.053779 seconds
  Import took 0.072096 seconds .

========================================================================
Received Import Request.
  Time since last request: 0.000214 seconds.
  path: Assets/VR Beginner/Models/Drill.fbx
  artifactKey: Guid(963e50f2b6db01e459d04a2d82fe465b) Importer(815301076,1909f56bfc062723c751e8b465ee728b)
Start importing Assets/VR Beginner/Models/Drill.fbx using Guid(963e50f2b6db01e459d04a2d82fe465b) Importer(815301076,1909f56bfc062723c751e8b465ee728b)  -> (artifact id: '619e94d61de4ebe9ece3656940a59a15') in 0.061895 seconds
  Import took 0.069812 seconds .

========================================================================
Received Import Request.
  Time since last request: 0.000181 seconds.
  path: Assets/VR Beginner/Models/Hourglass.FBX
  artifactKey: Guid(6d653f30066e8f746965a303d0776256) Importer(815301076,1909f56bfc062723c751e8b465ee728b)
Start importing Assets/VR Beginner/Models/Hourglass.FBX using Guid(6d653f30066e8f746965a303d0776256) Importer(815301076,1909f56bfc062723c751e8b465ee728b)  -> (artifact id: 'b6f68b35e9abf6c7c14bd9e157e3f259') in 0.884652 seconds
  Import took 0.892117 seconds .

========================================================================
Received Import Request.
  Time since last request: 0.000354 seconds.
  path: Assets/VR Beginner/Models/ExitDoor.fbx
  artifactKey: Guid(9e19df0f58a75e94c94e163777b11ba1) Importer(815301076,1909f56bfc062723c751e8b465ee728b)
Start importing Assets/VR Beginner/Models/ExitDoor.fbx using Guid(9e19df0f58a75e94c94e163777b11ba1) Importer(815301076,1909f56bfc062723c751e8b465ee728b)  -> (artifact id: '02093a235cef04ef321f4b500a7d4410') in 0.059493 seconds
  Import took 0.069223 seconds .

========================================================================
Received Import Request.
  Time since last request: 0.000940 seconds.
  path: Assets/VR Beginner/Models/ExitDoorParticleMesh.fbx
  artifactKey: Guid(8b74c2e2692e1ab41a0221c6380c24dd) Importer(815301076,1909f56bfc062723c751e8b465ee728b)
Start importing Assets/VR Beginner/Models/ExitDoorParticleMesh.fbx using Guid(8b74c2e2692e1ab41a0221c6380c24dd) Importer(815301076,1909f56bfc062723c751e8b465ee728b)  -> (artifact id: '79232bbba6c29f7c9ead3f78e41d1bcc') in 0.815562 seconds
  Import took 0.825332 seconds .

========================================================================
Received Import Request.
  Time since last request: 0.000295 seconds.
  path: Assets/VR Beginner/Models/HandProto.fbx
  artifactKey: Guid(bf3939cad79ab9040bd9b59ee6829398) Importer(815301076,1909f56bfc062723c751e8b465ee728b)
Start importing Assets/VR Beginner/Models/HandProto.fbx using Guid(bf3939cad79ab9040bd9b59ee6829398) Importer(815301076,1909f56bfc062723c751e8b465ee728b)  -> (artifact id: 'ab31ef5552cfda6ca7e7f4f4d143e8d2') in 0.563270 seconds
  Import took 0.571951 seconds .

========================================================================
Received Import Request.
  Time since last request: 0.000307 seconds.
  path: Assets/VR Beginner/Models/InstructionsOpenCauldron.fbx
  artifactKey: Guid(2d86c9f63947c9f4eaff594f63ab99b0) Importer(815301076,1909f56bfc062723c751e8b465ee728b)
Start importing Assets/VR Beginner/Models/InstructionsOpenCauldron.fbx using Guid(2d86c9f63947c9f4eaff594f63ab99b0) Importer(815301076,1909f56bfc062723c751e8b465ee728b)  -> (artifact id: '2831a91edaf8549acf94ca3782a7ea2b') in 0.057363 seconds
  Import took 0.065221 seconds .

========================================================================
Received Import Request.
  Time since last request: 0.000460 seconds.
  path: Assets/VR Beginner/Models/Chest.fbx
  artifactKey: Guid(1dd0e976dcd6be9438665e568cab31ea) Importer(815301076,1909f56bfc062723c751e8b465ee728b)
Start importing Assets/VR Beginner/Models/Chest.fbx using Guid(1dd0e976dcd6be9438665e568cab31ea) Importer(815301076,1909f56bfc062723c751e8b465ee728b)  -> (artifact id: '2723babbf115a36d250779b8d7bb7468') in 0.058879 seconds
  Import took 0.067607 seconds .

========================================================================
Received Import Request.
  Time since last request: 0.000387 seconds.
  path: Assets/VR Beginner/Models/Cheese.FBX
  artifactKey: Guid(bd5c9c26ed82ab34db467c39d05ecbdc) Importer(815301076,1909f56bfc062723c751e8b465ee728b)
Start importing Assets/VR Beginner/Models/Cheese.FBX using Guid(bd5c9c26ed82ab34db467c39d05ecbdc) Importer(815301076,1909f56bfc062723c751e8b465ee728b)  -> (artifact id: 'b7615e64f6307c79fb2eec1ff496e154') in 0.054824 seconds
  Import took 0.062210 seconds .

========================================================================
Received Import Request.
  Time since last request: 0.000264 seconds.
  path: Assets/VR Beginner/Models/Fusebox.FBX
  artifactKey: Guid(5bfaf6b7d0928674cbb4e5f3a5e29083) Importer(815301076,1909f56bfc062723c751e8b465ee728b)
Start importing Assets/VR Beginner/Models/Fusebox.FBX using Guid(5bfaf6b7d0928674cbb4e5f3a5e29083) Importer(815301076,1909f56bfc062723c751e8b465ee728b)  -> (artifact id: 'eaa59d63a1d29f1e596dce92ad685852') in 0.063775 seconds
  Import took 0.072245 seconds .

========================================================================
Received Import Request.
  Time since last request: 0.000236 seconds.
  path: Assets/VR Beginner/Models/DevilTotem.fbx
  artifactKey: Guid(1821071dd69db7641a890e3392d28503) Importer(815301076,1909f56bfc062723c751e8b465ee728b)
Start importing Assets/VR Beginner/Models/DevilTotem.fbx using Guid(1821071dd69db7641a890e3392d28503) Importer(815301076,1909f56bfc062723c751e8b465ee728b)  -> (artifact id: '8cbb83faf95b845e9a75e59c03dc7ff6') in 0.051802 seconds
  Import took 0.057558 seconds .

========================================================================
Received Import Request.
  Time since last request: 0.000240 seconds.
  path: Assets/VR Beginner/Models/InstructionsGrabAndBook.fbx
  artifactKey: Guid(dcaeb88f6d06ff149abbb96a2471495e) Importer(815301076,1909f56bfc062723c751e8b465ee728b)
Start importing Assets/VR Beginner/Models/InstructionsGrabAndBook.fbx using Guid(dcaeb88f6d06ff149abbb96a2471495e) Importer(815301076,1909f56bfc062723c751e8b465ee728b)  -> (artifact id: '05d4729e863570d1dad8ff0cace8cde5') in 0.056552 seconds
  Import took 0.062671 seconds .

========================================================================
Received Import Request.
  Time since last request: 0.000201 seconds.
  path: Assets/VR Beginner/Models/BookNavy.fbx
  artifactKey: Guid(da46f27ebeb7d3947b9497ee161a31ed) Importer(815301076,1909f56bfc062723c751e8b465ee728b)
Start importing Assets/VR Beginner/Models/BookNavy.fbx using Guid(da46f27ebeb7d3947b9497ee161a31ed) Importer(815301076,1909f56bfc062723c751e8b465ee728b)  -> (artifact id: 'a2ba6939136deacfb897a1c0bdede490') in 0.049171 seconds
  Import took 0.055880 seconds .

========================================================================
Received Import Request.
  Time since last request: 0.000208 seconds.
  path: Assets/VR Beginner/Models/BookGreen.fbx
  artifactKey: Guid(8bf410868a62ffd49834417a557e760c) Importer(815301076,1909f56bfc062723c751e8b465ee728b)
Start importing Assets/VR Beginner/Models/BookGreen.fbx using Guid(8bf410868a62ffd49834417a557e760c) Importer(815301076,1909f56bfc062723c751e8b465ee728b)  -> (artifact id: '0fb0de56c77dde5ea8ddedf789231202') in 0.049827 seconds
  Import took 0.058365 seconds .

========================================================================
Received Import Request.
  Time since last request: 0.000189 seconds.
  path: Assets/VR Beginner/Models/Fan.fbx
  artifactKey: Guid(8b369e09821adb7478bc5e32e87dfa4f) Importer(815301076,1909f56bfc062723c751e8b465ee728b)
Start importing Assets/VR Beginner/Models/Fan.fbx using Guid(8b369e09821adb7478bc5e32e87dfa4f) Importer(815301076,1909f56bfc062723c751e8b465ee728b)  -> (artifact id: '947e2542b2ecc835863e3d2ab853f0c9') in 0.052584 seconds
  Import took 0.059161 seconds .

========================================================================
Received Import Request.
  Time since last request: 0.000627 seconds.
  path: Assets/VR Beginner/Models/Cauldron.fbx
  artifactKey: Guid(1a3240bcf8b6ca44ab94979b7e24cde1) Importer(815301076,1909f56bfc062723c751e8b465ee728b)
Start importing Assets/VR Beginner/Models/Cauldron.fbx using Guid(1a3240bcf8b6ca44ab94979b7e24cde1) Importer(815301076,1909f56bfc062723c751e8b465ee728b)  -> (artifact id: 'af3e379aa17f062383d5dce4a01f8b07') in 0.089116 seconds
  Import took 0.095996 seconds .

========================================================================
Received Import Request.
  Time since last request: 0.000181 seconds.
  path: Assets/VR Beginner/Models/InstructionsTelekinesis.FBX
  artifactKey: Guid(d8d2436aa271b3041b49e63c4b92691b) Importer(815301076,1909f56bfc062723c751e8b465ee728b)
Start importing Assets/VR Beginner/Models/InstructionsTelekinesis.FBX using Guid(d8d2436aa271b3041b49e63c4b92691b) Importer(815301076,1909f56bfc062723c751e8b465ee728b)  -> (artifact id: '0d54b73fdce88904e839a67491ece0e3') in 0.047305 seconds
  Import took 0.055064 seconds .

========================================================================
Received Import Request.
  Time since last request: 0.000419 seconds.
  path: Assets/VR Beginner/Models/InstructionsPopPotions.fbx
  artifactKey: Guid(c6c32db9522e21549a28c00d9477df25) Importer(815301076,1909f56bfc062723c751e8b465ee728b)
Start importing Assets/VR Beginner/Models/InstructionsPopPotions.fbx using Guid(c6c32db9522e21549a28c00d9477df25) Importer(815301076,1909f56bfc062723c751e8b465ee728b)  -> (artifact id: '4170a9dc00f0a2863f60a4e38b746058') in 0.050119 seconds
  Import took 0.056452 seconds .

========================================================================
Received Import Request.
  Time since last request: 0.000208 seconds.
  path: Assets/VR Beginner/Models/InstructionsShootingWand.fbx
  artifactKey: Guid(7413fc233ac77474b800b213c507aaa7) Importer(815301076,1909f56bfc062723c751e8b465ee728b)
Start importing Assets/VR Beginner/Models/InstructionsShootingWand.fbx using Guid(7413fc233ac77474b800b213c507aaa7) Importer(815301076,1909f56bfc062723c751e8b465ee728b)  -> (artifact id: 'a38b8c1c89b0602be98b6fcc19e3ddf7') in 0.061208 seconds
  Import took 0.067015 seconds .

========================================================================
Received Import Request.
  Time since last request: 0.000248 seconds.
  path: Assets/VR Beginner/Models/BookOfSpells.fbx
  artifactKey: Guid(c0658d00c20d19d46ba322f21394d830) Importer(815301076,1909f56bfc062723c751e8b465ee728b)
Start importing Assets/VR Beginner/Models/BookOfSpells.fbx using Guid(c0658d00c20d19d46ba322f21394d830) Importer(815301076,1909f56bfc062723c751e8b465ee728b)  -> (artifact id: '27b5b4206d0124e759396d46777056de') in 0.052595 seconds
  Import took 0.060931 seconds .

========================================================================
Received Import Request.
  Time since last request: 0.000220 seconds.
  path: Assets/VR Beginner/Models/Lantern.FBX
  artifactKey: Guid(0e429b6db5811e348b367b6781fdf0aa) Importer(815301076,1909f56bfc062723c751e8b465ee728b)
Start importing Assets/VR Beginner/Models/Lantern.FBX using Guid(0e429b6db5811e348b367b6781fdf0aa) Importer(815301076,1909f56bfc062723c751e8b465ee728b)  -> (artifact id: '9528f6f1e099e80910c9302a03d5b09c') in 0.055782 seconds
  Import took 0.062640 seconds .

========================================================================
Received Import Request.
  Time since last request: 0.000293 seconds.
  path: Assets/VR Beginner/Models/Flashlight.FBX
  artifactKey: Guid(f13e65634bd5b3749b0ee3c8ab27b8f4) Importer(815301076,1909f56bfc062723c751e8b465ee728b)
Start importing Assets/VR Beginner/Models/Flashlight.FBX using Guid(f13e65634bd5b3749b0ee3c8ab27b8f4) Importer(815301076,1909f56bfc062723c751e8b465ee728b)  -> (artifact id: 'c59b9e9f1068253f8d4b4587afcfdb7c') in 0.052607 seconds
  Import took 0.058926 seconds .

========================================================================
Received Import Request.
  Time since last request: 0.000209 seconds.
  path: Assets/VR Beginner/Models/Kitchen.fbx
  artifactKey: Guid(1f026c8edc86aa44db691d75a4b28e21) Importer(815301076,1909f56bfc062723c751e8b465ee728b)
Start importing Assets/VR Beginner/Models/Kitchen.fbx using Guid(1f026c8edc86aa44db691d75a4b28e21) Importer(815301076,1909f56bfc062723c751e8b465ee728b)  -> (artifact id: '6fa977778c1804b729c300a2d7ffa728') in 0.059169 seconds
  Import took 0.065776 seconds .

========================================================================
Received Import Request.
  Time since last request: 0.000217 seconds.
  path: Assets/VR Beginner/Models/painting2.fbx
  artifactKey: Guid(92a6901ab5c02e545a4a40fdfa767f56) Importer(815301076,1909f56bfc062723c751e8b465ee728b)
Start importing Assets/VR Beginner/Models/painting2.fbx using Guid(92a6901ab5c02e545a4a40fdfa767f56) Importer(815301076,1909f56bfc062723c751e8b465ee728b)  -> (artifact id: 'ce5a9f899b3ecfc14da69370225e9778') in 0.049904 seconds
  Import took 0.055656 seconds .

========================================================================
Received Import Request.
  Time since last request: 0.000252 seconds.
  path: Assets/VR Beginner/Models/Mug.fbx
  artifactKey: Guid(48224b9cb16db6e4e8e4b237da1f56e8) Importer(815301076,1909f56bfc062723c751e8b465ee728b)
Start importing Assets/VR Beginner/Models/Mug.fbx using Guid(48224b9cb16db6e4e8e4b237da1f56e8) Importer(815301076,1909f56bfc062723c751e8b465ee728b)  -> (artifact id: '6496931ecd073ef8c360fadcbaf90a29') in 0.048216 seconds
  Import took 0.057686 seconds .

========================================================================
Received Import Request.
  Time since last request: 0.000201 seconds.
  path: Assets/VR Beginner/Models/MetalPipe.fbx
  artifactKey: Guid(0a8b150a8c98bd243960dcfc107d25bf) Importer(815301076,1909f56bfc062723c751e8b465ee728b)
Start importing Assets/VR Beginner/Models/MetalPipe.fbx using Guid(0a8b150a8c98bd243960dcfc107d25bf) Importer(815301076,1909f56bfc062723c751e8b465ee728b)  -> (artifact id: 'b957014bf90dba7578fa9cb3a1325ad7') in 0.047624 seconds
  Import took 0.053490 seconds .

========================================================================
Received Import Request.
  Time since last request: 0.000192 seconds.
  path: Assets/VR Beginner/Models/painting3.fbx
  artifactKey: Guid(5aff463ff3c15074188bc8e24c6da077) Importer(815301076,1909f56bfc062723c751e8b465ee728b)
Start importing Assets/VR Beginner/Models/painting3.fbx using Guid(5aff463ff3c15074188bc8e24c6da077) Importer(815301076,1909f56bfc062723c751e8b465ee728b)  -> (artifact id: '7b09d515caf4b378c55cb26aedd47c23') in 0.048115 seconds
  Import took 0.054812 seconds .

========================================================================
Received Import Request.
  Time since last request: 0.000191 seconds.
  path: Assets/VR Beginner/Models/Planet.fbx
  artifactKey: Guid(75b3959ca5a95d54fb8c21ae4fa542a9) Importer(815301076,1909f56bfc062723c751e8b465ee728b)
Start importing Assets/VR Beginner/Models/Planet.fbx using Guid(75b3959ca5a95d54fb8c21ae4fa542a9) Importer(815301076,1909f56bfc062723c751e8b465ee728b)  -> (artifact id: 'c233b5254a8d309a0cf813324d5eb1e4') in 0.043528 seconds
  Import took 0.051105 seconds .

========================================================================
Received Import Request.
  Time since last request: 0.000212 seconds.
  path: Assets/VR Beginner/Models/MeatSlice.FBX
  artifactKey: Guid(4b244d23936834d418f18b8cf6c67556) Importer(815301076,1909f56bfc062723c751e8b465ee728b)
Start importing Assets/VR Beginner/Models/MeatSlice.FBX using Guid(4b244d23936834d418f18b8cf6c67556) Importer(815301076,1909f56bfc062723c751e8b465ee728b)  -> (artifact id: '4a9a923faf82de999f982cb17ae53b72') in 0.049331 seconds
  Import took 0.057208 seconds .

========================================================================
Received Import Request.
  Time since last request: 0.000184 seconds.
  path: Assets/VR Beginner/Models/BookBrown.fbx
  artifactKey: Guid(69d25300cfe0ff34cab94eabf22210ea) Importer(815301076,1909f56bfc062723c751e8b465ee728b)
Start importing Assets/VR Beginner/Models/BookBrown.fbx using Guid(69d25300cfe0ff34cab94eabf22210ea) Importer(815301076,1909f56bfc062723c751e8b465ee728b)  -> (artifact id: '7837b7724e0357c79a4e5df2e33b98ef') in 0.048861 seconds
  Import took 0.054519 seconds .

========================================================================
Received Import Request.
  Time since last request: 0.000197 seconds.
  path: Assets/VR Beginner/Models/ExitDoorLock.fbx
  artifactKey: Guid(8ea4b39c0a3dadf4a83b18bb42e5d3fd) Importer(815301076,1909f56bfc062723c751e8b465ee728b)
Start importing Assets/VR Beginner/Models/ExitDoorLock.fbx using Guid(8ea4b39c0a3dadf4a83b18bb42e5d3fd) Importer(815301076,1909f56bfc062723c751e8b465ee728b)  -> (artifact id: 'def5600aef1003b1cf0fd899b73b8c20') in 0.044507 seconds
  Import took 0.050927 seconds .

========================================================================
Received Import Request.
  Time since last request: 0.000180 seconds.
  path: Assets/VR Beginner/Models/FireBoy.fbx
  artifactKey: Guid(c7be5e3d1b69f3b4a8853a4daec7d5d2) Importer(815301076,1909f56bfc062723c751e8b465ee728b)
Start importing Assets/VR Beginner/Models/FireBoy.fbx using Guid(c7be5e3d1b69f3b4a8853a4daec7d5d2) Importer(815301076,1909f56bfc062723c751e8b465ee728b)  -> (artifact id: '68f0438b151c7694dd7813e4ea54da0b') in 0.874383 seconds
  Import took 0.882632 seconds .

========================================================================
Received Import Request.
  Time since last request: 0.000328 seconds.
  path: Assets/VR Beginner/Models/Sky.fbx
  artifactKey: Guid(ce04847d5a61cd54eaea6b660f6516ea) Importer(815301076,1909f56bfc062723c751e8b465ee728b)
Start importing Assets/VR Beginner/Models/Sky.fbx using Guid(ce04847d5a61cd54eaea6b660f6516ea) Importer(815301076,1909f56bfc062723c751e8b465ee728b)  -> (artifact id: 'b5fd5bc7f003d3171e79af1b25cfb0c3') in 0.050363 seconds
  Import took 0.057388 seconds .

========================================================================
Received Import Request.
  Time since last request: 0.000327 seconds.
  path: Assets/VR Beginner/Models/PotionBottle1.FBX
  artifactKey: Guid(a795a3a3f0cabd645bcc05e4caa8df92) Importer(815301076,1909f56bfc062723c751e8b465ee728b)
Start importing Assets/VR Beginner/Models/PotionBottle1.FBX using Guid(a795a3a3f0cabd645bcc05e4caa8df92) Importer(815301076,1909f56bfc062723c751e8b465ee728b)  -> (artifact id: '061ed6681dc00c1c702ec69dec7dec59') in 1.910807 seconds
  Import took 1.919314 seconds .

========================================================================
Received Import Request.
  Time since last request: 0.000202 seconds.
  path: Assets/VR Beginner/Models/Radio.FBX
  artifactKey: Guid(6cf01a2728405b142859ffd2796ff3b8) Importer(815301076,1909f56bfc062723c751e8b465ee728b)
Start importing Assets/VR Beginner/Models/Radio.FBX using Guid(6cf01a2728405b142859ffd2796ff3b8) Importer(815301076,1909f56bfc062723c751e8b465ee728b)  -> (artifact id: '27cf76aabcbdbe9447f241dc894f10cf') in 0.067715 seconds
  Import took 0.074301 seconds .

========================================================================
Received Import Request.
  Time since last request: 0.000515 seconds.
  path: Assets/VR Beginner/Models/PumpkingPicture.fbx
  artifactKey: Guid(99060b5187e8c494999855d830133e53) Importer(815301076,1909f56bfc062723c751e8b465ee728b)
Start importing Assets/VR Beginner/Models/PumpkingPicture.fbx using Guid(99060b5187e8c494999855d830133e53) Importer(815301076,1909f56bfc062723c751e8b465ee728b)  -> (artifact id: 'ede922cb10c4e3c0bc35b925ff4674c6') in 0.050855 seconds
  Import took 0.058730 seconds .

========================================================================
Received Import Request.
  Time since last request: 0.000216 seconds.
  path: Assets/VR Beginner/Models/Wand.fbx
  artifactKey: Guid(5767d7915f9eadb48ac35b424d6a59c1) Importer(815301076,1909f56bfc062723c751e8b465ee728b)
Start importing Assets/VR Beginner/Models/Wand.fbx using Guid(5767d7915f9eadb48ac35b424d6a59c1) Importer(815301076,1909f56bfc062723c751e8b465ee728b)  -> (artifact id: '27b7a4a51903451e76558453028cf61b') in 0.052271 seconds
  Import took 0.059898 seconds .

========================================================================
Received Import Request.
  Time since last request: 0.000266 seconds.
  path: Assets/VR Beginner/Models/WoodenLog.fbx
  artifactKey: Guid(514c05e59d36d8f4ba0f0a9c80f0ef2e) Importer(815301076,1909f56bfc062723c751e8b465ee728b)
Start importing Assets/VR Beginner/Models/WoodenLog.fbx using Guid(514c05e59d36d8f4ba0f0a9c80f0ef2e) Importer(815301076,1909f56bfc062723c751e8b465ee728b)  -> (artifact id: '0f0bbff7b641a77705d283899da3889f') in 0.048345 seconds
  Import took 0.054054 seconds .

========================================================================
Received Import Request.
  Time since last request: 0.000184 seconds.
  path: Assets/VR Beginner/Models/Trees.fbx
  artifactKey: Guid(924c2cf304aa51d469a902134ad8856d) Importer(815301076,1909f56bfc062723c751e8b465ee728b)
Start importing Assets/VR Beginner/Models/Trees.fbx using Guid(924c2cf304aa51d469a902134ad8856d) Importer(815301076,1909f56bfc062723c751e8b465ee728b)  -> (artifact id: '0fc3340457bddd6ba1aa89e82276c86d') in 0.279992 seconds
  Import took 0.285980 seconds .

========================================================================
Received Import Request.
  Time since last request: 0.000266 seconds.
  path: Assets/VR Beginner/Models/Thermostat.fbx
  artifactKey: Guid(e13ccf4a61408af4cb902275e5a5d161) Importer(815301076,1909f56bfc062723c751e8b465ee728b)
Start importing Assets/VR Beginner/Models/Thermostat.fbx using Guid(e13ccf4a61408af4cb902275e5a5d161) Importer(815301076,1909f56bfc062723c751e8b465ee728b)  -> (artifact id: '3965d053c35e1450a22efaae5546bc88') in 0.089357 seconds
  Import took 0.096067 seconds .

========================================================================
Received Import Request.
  Time since last request: 0.000284 seconds.
  path: Assets/VR Beginner/Models/PotionSpawner.fbx
  artifactKey: Guid(ba46ffcfc523c8b43bcc96762a43550d) Importer(815301076,1909f56bfc062723c751e8b465ee728b)
Start importing Assets/VR Beginner/Models/PotionSpawner.fbx using Guid(ba46ffcfc523c8b43bcc96762a43550d) Importer(815301076,1909f56bfc062723c751e8b465ee728b)  -> (artifact id: 'd1cfe6b59006513ec5ccdb6103524bcf') in 0.052643 seconds
  Import took 0.059218 seconds .

========================================================================
Received Import Request.
  Time since last request: 0.000760 seconds.
  path: Assets/VR Beginner/Models/Shelf.fbx
  artifactKey: Guid(cef9cad8e2e6aca41bfaacc4484c2b36) Importer(815301076,1909f56bfc062723c751e8b465ee728b)
Start importing Assets/VR Beginner/Models/Shelf.fbx using Guid(cef9cad8e2e6aca41bfaacc4484c2b36) Importer(815301076,1909f56bfc062723c751e8b465ee728b)  -> (artifact id: 'c05627ed6f499cb5c8e80a3d9c2ee22d') in 0.047920 seconds
  Import took 0.056616 seconds .

========================================================================
Received Import Request.
  Time since last request: 0.000184 seconds.
  path: Assets/VR Beginner/Models/WitchHouse.fbx
  artifactKey: Guid(b46a848a5ea4d0f4d9784aaaff85e23a) Importer(815301076,1909f56bfc062723c751e8b465ee728b)
Start importing Assets/VR Beginner/Models/WitchHouse.fbx using Guid(b46a848a5ea4d0f4d9784aaaff85e23a) Importer(815301076,1909f56bfc062723c751e8b465ee728b)  -> (artifact id: '15958ea079e6a99a648981c377398f1c') in 0.288452 seconds
  Import took 0.297119 seconds .

========================================================================
Received Import Request.
  Time since last request: 0.000267 seconds.
  path: Assets/VR Beginner/Models/Toaster.fbx
  artifactKey: Guid(ceb05cd7b14eed644827add74f9edb54) Importer(815301076,1909f56bfc062723c751e8b465ee728b)
Start importing Assets/VR Beginner/Models/Toaster.fbx using Guid(ceb05cd7b14eed644827add74f9edb54) Importer(815301076,1909f56bfc062723c751e8b465ee728b)  -> (artifact id: '4af9eb13923802130994c4ec52a57744') in 0.120321 seconds
  Import took 0.126043 seconds .

========================================================================
Received Import Request.
  Time since last request: 0.000292 seconds.
  path: Assets/VR Beginner/Models/Wristwatch.fbx
  artifactKey: Guid(e1913292ecadc644e93488c1e3d216e3) Importer(815301076,1909f56bfc062723c751e8b465ee728b)
Start importing Assets/VR Beginner/Models/Wristwatch.fbx using Guid(e1913292ecadc644e93488c1e3d216e3) Importer(815301076,1909f56bfc062723c751e8b465ee728b)  -> (artifact id: '2d7b3c50ee60e5ce6ca2f136eaccb207') in 0.083964 seconds
  Import took 0.092295 seconds .

========================================================================
Received Import Request.
  Time since last request: 0.000251 seconds.
  path: Assets/VR Beginner/Models/PotionBottle2.FBX
  artifactKey: Guid(6ba54a1627a566744b4e94ee90aa14b4) Importer(815301076,1909f56bfc062723c751e8b465ee728b)
Start importing Assets/VR Beginner/Models/PotionBottle2.FBX using Guid(6ba54a1627a566744b4e94ee90aa14b4) Importer(815301076,1909f56bfc062723c751e8b465ee728b)  -> (artifact id: '4d31b533c1eb00624399087de39edf78') in 0.111012 seconds
  Import took 0.117453 seconds .

========================================================================
Received Import Request.
  Time since last request: 0.000249 seconds.
  path: Assets/VR Beginner/Models/PotionBottleBroken1.FBX
  artifactKey: Guid(aa92cc555032b1b4aa578cc3c0eb0bf5) Importer(815301076,1909f56bfc062723c751e8b465ee728b)
Start importing Assets/VR Beginner/Models/PotionBottleBroken1.FBX using Guid(aa92cc555032b1b4aa578cc3c0eb0bf5) Importer(815301076,1909f56bfc062723c751e8b465ee728b)  -> (artifact id: '15e57dd21ab6c251f733f804bdeabca5') in 0.151978 seconds
  Import took 0.159186 seconds .

========================================================================
Received Import Request.
  Time since last request: 0.000343 seconds.
  path: Assets/VR Beginner/Models/WoodenFloor.fbx
  artifactKey: Guid(4da5b88d86a450343bc00d7998c9a423) Importer(815301076,1909f56bfc062723c751e8b465ee728b)
Start importing Assets/VR Beginner/Models/WoodenFloor.fbx using Guid(4da5b88d86a450343bc00d7998c9a423) Importer(815301076,1909f56bfc062723c751e8b465ee728b)  -> (artifact id: '5ab3fe6ef6eb5ae8003b41ffe5bffced') in 0.048613 seconds
  Import took 0.055799 seconds .

========================================================================
Received Import Request.
  Time since last request: 0.000330 seconds.
  path: Assets/VR Beginner/Models/RemoteController.fbx
  artifactKey: Guid(305bb086ba1c9e344ae0c20ec60eab1e) Importer(815301076,1909f56bfc062723c751e8b465ee728b)
Start importing Assets/VR Beginner/Models/RemoteController.fbx using Guid(305bb086ba1c9e344ae0c20ec60eab1e) Importer(815301076,1909f56bfc062723c751e8b465ee728b)  -> (artifact id: '12102942a1ee38bda25d1a2c39eaac2f') in 0.070957 seconds
  Import took 0.077535 seconds .

========================================================================
Received Import Request.
  Time since last request: 0.000319 seconds.
  path: Assets/VR Beginner/Models/CaudronFlush.fbx
  artifactKey: Guid(825f6c1d307a67b41822de80e3aa4f80) Importer(815301076,1909f56bfc062723c751e8b465ee728b)
Start importing Assets/VR Beginner/Models/CaudronFlush.fbx using Guid(825f6c1d307a67b41822de80e3aa4f80) Importer(815301076,1909f56bfc062723c751e8b465ee728b)  -> (artifact id: 'd929f43c37b21c32e767b1338b6310d1') in 0.052665 seconds
  Import took 0.058494 seconds .

========================================================================
Received Import Request.
  Time since last request: 0.000283 seconds.
  path: Assets/VR Beginner/Models/Desk.fbx
  artifactKey: Guid(3f6b53ff11f455d4f920d187cb688cbe) Importer(815301076,1909f56bfc062723c751e8b465ee728b)
Start importing Assets/VR Beginner/Models/Desk.fbx using Guid(3f6b53ff11f455d4f920d187cb688cbe) Importer(815301076,1909f56bfc062723c751e8b465ee728b)  -> (artifact id: '96cbb3e4e8e4c4fd0eab58c1c2b9ade8') in 0.155094 seconds
  Import took 0.161782 seconds .

========================================================================
Received Import Request.
  Time since last request: 0.000181 seconds.
  path: Assets/VR Beginner/Models/PotionBottle2Broken.FBX
  artifactKey: Guid(3130254a08bc60f47ac3d85dd5850226) Importer(815301076,1909f56bfc062723c751e8b465ee728b)
Start importing Assets/VR Beginner/Models/PotionBottle2Broken.FBX using Guid(3130254a08bc60f47ac3d85dd5850226) Importer(815301076,1909f56bfc062723c751e8b465ee728b)  -> (artifact id: '9448dc6d246ed7dddf9ec93ae153a8e1') in 0.148250 seconds
  Import took 0.153985 seconds .

========================================================================
Received Import Request.
  Time since last request: 0.000219 seconds.
  path: Assets/VR Beginner/Models/Fences.fbx
  artifactKey: Guid(78e85f1f603147b4da3fefd6e3c3e5dc) Importer(815301076,1909f56bfc062723c751e8b465ee728b)
Start importing Assets/VR Beginner/Models/Fences.fbx using Guid(78e85f1f603147b4da3fefd6e3c3e5dc) Importer(815301076,1909f56bfc062723c751e8b465ee728b)  -> (artifact id: 'e45a906660a124920d4fd1ee3e29280c') in 0.264506 seconds
  Import took 0.270757 seconds .

========================================================================
Received Import Request.
  Time since last request: 0.000288 seconds.
  path: Assets/VR Beginner/Models/Feather.FBX
  artifactKey: Guid(b1a4fecd72cff5f43938365167c80fc5) Importer(815301076,1909f56bfc062723c751e8b465ee728b)
Start importing Assets/VR Beginner/Models/Feather.FBX using Guid(b1a4fecd72cff5f43938365167c80fc5) Importer(815301076,1909f56bfc062723c751e8b465ee728b)  -> (artifact id: 'e31aa99b4070b61a5e543462d50b8833') in 0.052697 seconds
  Import took 0.059951 seconds .

========================================================================
Received Import Request.
  Time since last request: 0.000260 seconds.
  path: Assets/VR Beginner/Models/Key.FBX
  artifactKey: Guid(fb4295e3462ff9648a34f8d626c9e25e) Importer(815301076,1909f56bfc062723c751e8b465ee728b)
Start importing Assets/VR Beginner/Models/Key.FBX using Guid(fb4295e3462ff9648a34f8d626c9e25e) Importer(815301076,1909f56bfc062723c751e8b465ee728b)  -> (artifact id: '2a7db67609b396f20e5c2085eadfbb0e') in 0.051904 seconds
  Import took 0.061264 seconds .

========================================================================
Received Import Request.
  Time since last request: 0.000280 seconds.
  path: Assets/VR Beginner/Models/Painting1.fbx
  artifactKey: Guid(489bd792c0f500241bfe1dc0e763a5ed) Importer(815301076,1909f56bfc062723c751e8b465ee728b)
Start importing Assets/VR Beginner/Models/Painting1.fbx using Guid(489bd792c0f500241bfe1dc0e763a5ed) Importer(815301076,1909f56bfc062723c751e8b465ee728b)  -> (artifact id: '575b7545ebc07d71af4d4a94a84b4c27') in 0.054520 seconds
  Import took 0.061440 seconds .

========================================================================
Received Import Request.
  Time since last request: 0.000265 seconds.
  path: Assets/VR Beginner/Models/Scarf.fbx
  artifactKey: Guid(8b5162e08e7f2b64a85fce24dc8e6abf) Importer(815301076,1909f56bfc062723c751e8b465ee728b)
Start importing Assets/VR Beginner/Models/Scarf.fbx using Guid(8b5162e08e7f2b64a85fce24dc8e6abf) Importer(815301076,1909f56bfc062723c751e8b465ee728b)  -> (artifact id: 'ede0f74522b7bb817cdb7e951dd4bec4') in 0.059590 seconds
  Import took 0.068898 seconds .

========================================================================
Received Import Request.
  Time since last request: 0.000276 seconds.
  path: Assets/VR Beginner/Models/Carpet.fbx
  artifactKey: Guid(379d0e8bcb7263044ba0fbca05d6a5df) Importer(815301076,1909f56bfc062723c751e8b465ee728b)
Start importing Assets/VR Beginner/Models/Carpet.fbx using Guid(379d0e8bcb7263044ba0fbca05d6a5df) Importer(815301076,1909f56bfc062723c751e8b465ee728b)  -> (artifact id: '49888b9cabafaf4e32fc78fd210f8d55') in 0.046203 seconds
  Import took 0.052670 seconds .

========================================================================
Received Import Request.
  Time since last request: 0.000185 seconds.
  path: Assets/VR Beginner/Models/CauldronTarget.fbx
  artifactKey: Guid(d2bcb8a54aa973f41a000a0899fe03f7) Importer(815301076,1909f56bfc062723c751e8b465ee728b)
Start importing Assets/VR Beginner/Models/CauldronTarget.fbx using Guid(d2bcb8a54aa973f41a000a0899fe03f7) Importer(815301076,1909f56bfc062723c751e8b465ee728b)  -> (artifact id: '2ff198642b452b07117e311e3b899a5a') in 0.051294 seconds
  Import took 0.057662 seconds .

========================================================================
Received Import Request.
  Time since last request: 0.000189 seconds.
  path: Assets/VR Beginner/Models/Orange.FBX
  artifactKey: Guid(23e334b94017efc478007b94d81f16d5) Importer(815301076,1909f56bfc062723c751e8b465ee728b)
Start importing Assets/VR Beginner/Models/Orange.FBX using Guid(23e334b94017efc478007b94d81f16d5) Importer(815301076,1909f56bfc062723c751e8b465ee728b)  -> (artifact id: '2d1ef4fd0c7d3b20e14fc62d717326e6') in 0.049131 seconds
  Import took 0.056002 seconds .

========================================================================
Received Import Request.
  Time since last request: 0.000247 seconds.
  path: Assets/VR Beginner/Models/LaserPointer.fbx
  artifactKey: Guid(58cf52ef7d0d03f44a9b233637ae3933) Importer(815301076,1909f56bfc062723c751e8b465ee728b)
Start importing Assets/VR Beginner/Models/LaserPointer.fbx using Guid(58cf52ef7d0d03f44a9b233637ae3933) Importer(815301076,1909f56bfc062723c751e8b465ee728b)  -> (artifact id: '66e9c456042340628951cfedf714fe0b') in 0.046146 seconds
  Import took 0.052784 seconds .

========================================================================
Received Import Request.
  Time since last request: 0.000188 seconds.
  path: Assets/VR Beginner/Prefabs
  artifactKey: Guid(4e7f690001c11254797d08696ea41c86) Importer(815301076,1909f56bfc062723c751e8b465ee728b)
Start importing Assets/VR Beginner/Prefabs using Guid(4e7f690001c11254797d08696ea41c86) Importer(815301076,1909f56bfc062723c751e8b465ee728b)  -> (artifact id: '071b5988a5796cab253fec81a0e99ab4') in 0.012130 seconds
  Import took 0.019851 seconds .

========================================================================
Received Import Request.
  Time since last request: 0.000273 seconds.
  path: Assets/VR Beginner/Models/Pumpking.fbx
  artifactKey: Guid(79c5935e3d3ea504db56922a02205249) Importer(815301076,1909f56bfc062723c751e8b465ee728b)
Start importing Assets/VR Beginner/Models/Pumpking.fbx using Guid(79c5935e3d3ea504db56922a02205249) Importer(815301076,1909f56bfc062723c751e8b465ee728b)  -> (artifact id: '7c940cc23e6e5252472a79733a66832b') in 0.063017 seconds
  Import took 0.070923 seconds .

========================================================================
Received Import Request.
  Time since last request: 0.000304 seconds.
  path: Assets/VR Beginner/Scenes
  artifactKey: Guid(2b0e93446796ee64f93364ebe6c513e0) Importer(815301076,1909f56bfc062723c751e8b465ee728b)
Start importing Assets/VR Beginner/Scenes using Guid(2b0e93446796ee64f93364ebe6c513e0) Importer(815301076,1909f56bfc062723c751e8b465ee728b)  -> (artifact id: 'a071c87614c761d5d3404494491d97dd') in 0.009542 seconds
  Import took 0.024605 seconds .

========================================================================
Received Import Request.
  Time since last request: 0.000237 seconds.
  path: Assets/VR Beginner/Models/Painting4.fbx
  artifactKey: Guid(10cb07cb5830e2340a2eed20bf14ffab) Importer(815301076,1909f56bfc062723c751e8b465ee728b)
Start importing Assets/VR Beginner/Models/Painting4.fbx using Guid(10cb07cb5830e2340a2eed20bf14ffab) Importer(815301076,1909f56bfc062723c751e8b465ee728b)  -> (artifact id: '37df6b6d2c06c426eeb15dd079ef9e26') in 0.055092 seconds
  Import took 0.064195 seconds .

========================================================================
Received Import Request.
  Time since last request: 0.000188 seconds.
  path: Assets/VR Beginner/Models/Kettle.fbx
  artifactKey: Guid(f33334da4bf68b342a6a1aa10918e929) Importer(815301076,1909f56bfc062723c751e8b465ee728b)
Start importing Assets/VR Beginner/Models/Kettle.fbx using Guid(f33334da4bf68b342a6a1aa10918e929) Importer(815301076,1909f56bfc062723c751e8b465ee728b)  -> (artifact id: '385a600297cb481e331be7e0ba8fce60') in 0.045684 seconds
  Import took 0.052180 seconds .

========================================================================
Received Import Request.
  Time since last request: 0.000182 seconds.
  path: Assets/VR Beginner/Models/Wardrobe.fbx
  artifactKey: Guid(ec79475349af80e449b8d9267e640e9a) Importer(815301076,1909f56bfc062723c751e8b465ee728b)
Start importing Assets/VR Beginner/Models/Wardrobe.fbx using Guid(ec79475349af80e449b8d9267e640e9a) Importer(815301076,1909f56bfc062723c751e8b465ee728b)  -> (artifact id: '0dff7066deaf9db5afe37ebc6a5c360d') in 0.061824 seconds
  Import took 0.067499 seconds .

========================================================================
Received Import Request.
  Time since last request: 0.000178 seconds.
  path: Assets/VR Beginner/Models/HandWitch.fbx
  artifactKey: Guid(1f5a20cf402ae624e969edbaf519daf6) Importer(815301076,1909f56bfc062723c751e8b465ee728b)
Start importing Assets/VR Beginner/Models/HandWitch.fbx using Guid(1f5a20cf402ae624e969edbaf519daf6) Importer(815301076,1909f56bfc062723c751e8b465ee728b)  -> (artifact id: '6f966a4aaf834442a1a75f735d018eeb') in 0.061055 seconds
  Import took 0.066558 seconds .

========================================================================
Received Import Request.
  Time since last request: 0.000220 seconds.
  path: Assets/VR Beginner/Models/Onion.FBX
  artifactKey: Guid(e30b5a1c26bf93042a901424824f3c73) Importer(815301076,1909f56bfc062723c751e8b465ee728b)
Start importing Assets/VR Beginner/Models/Onion.FBX using Guid(e30b5a1c26bf93042a901424824f3c73) Importer(815301076,1909f56bfc062723c751e8b465ee728b)  -> (artifact id: '8e1c218f4ee08a3a61a584b336b50400') in 0.057445 seconds
  Import took 0.063901 seconds .

========================================================================
Received Import Request.
  Time since last request: 0.000192 seconds.
  path: Assets/VR Beginner/Models/BubbleGun.fbx
  artifactKey: Guid(fd989c9d3f308ff44b5ab51b5df38c21) Importer(815301076,1909f56bfc062723c751e8b465ee728b)
Start importing Assets/VR Beginner/Models/BubbleGun.fbx using Guid(fd989c9d3f308ff44b5ab51b5df38c21) Importer(815301076,1909f56bfc062723c751e8b465ee728b)  -> (artifact id: 'c2a763e7627c786e43b9cac6ba983e66') in 0.053771 seconds
  Import took 0.060047 seconds .

========================================================================
Received Import Request.
  Time since last request: 0.000169 seconds.
  path: Assets/VR Beginner/Models/DimmerSwitch.fbx
  artifactKey: Guid(5cd98cc681589d64f8699cba6b9adde2) Importer(815301076,1909f56bfc062723c751e8b465ee728b)
Start importing Assets/VR Beginner/Models/DimmerSwitch.fbx using Guid(5cd98cc681589d64f8699cba6b9adde2) Importer(815301076,1909f56bfc062723c751e8b465ee728b)  -> (artifact id: '8ef0b5784890985d239e32cf208cb84b') in 0.045329 seconds
  Import took 0.053353 seconds .

========================================================================
Received Import Request.
  Time since last request: 0.000221 seconds.
  path: Assets/VR Beginner/Models/FuseObject.FBX
  artifactKey: Guid(e823a873e63743c4894c28c0a891f016) Importer(815301076,1909f56bfc062723c751e8b465ee728b)
Start importing Assets/VR Beginner/Models/FuseObject.FBX using Guid(e823a873e63743c4894c28c0a891f016) Importer(815301076,1909f56bfc062723c751e8b465ee728b)  -> (artifact id: '778e95371d53cce650e380b88a462a98') in 0.048131 seconds
  Import took 0.054719 seconds .

========================================================================
Received Import Request.
  Time since last request: 0.000185 seconds.
  path: Assets/VR Beginner/Models/Toothbrush.FBX
  artifactKey: Guid(92357002a1d43be4aa3c0b31adfa89fe) Importer(815301076,1909f56bfc062723c751e8b465ee728b)
Start importing Assets/VR Beginner/Models/Toothbrush.FBX using Guid(92357002a1d43be4aa3c0b31adfa89fe) Importer(815301076,1909f56bfc062723c751e8b465ee728b)  -> (artifact id: '850e5ab3055023fca001ad4fa5b1b029') in 0.075863 seconds
  Import took 0.082503 seconds .

========================================================================
Received Import Request.
  Time since last request: 0.000239 seconds.
  path: Assets/VR Beginner/Models/OutdoorShack.fbx
  artifactKey: Guid(2b9378a5444ba4248a76a880faefbf2e) Importer(815301076,1909f56bfc062723c751e8b465ee728b)
Start importing Assets/VR Beginner/Models/OutdoorShack.fbx using Guid(2b9378a5444ba4248a76a880faefbf2e) Importer(815301076,1909f56bfc062723c751e8b465ee728b)  -> (artifact id: '9ea2a535fbd92b6db3d4ba0d41bf17ea') in 0.050514 seconds
  Import took 0.056684 seconds .

========================================================================
Received Import Request.
  Time since last request: 1.727072 seconds.
  path: Assets/VR Beginner/Scenes/Templates
  artifactKey: Guid(f9de34544b686d54cbd7a5d655016670) Importer(815301076,1909f56bfc062723c751e8b465ee728b)
Start importing Assets/VR Beginner/Scenes/Templates using Guid(f9de34544b686d54cbd7a5d655016670) Importer(815301076,1909f56bfc062723c751e8b465ee728b)  -> (artifact id: 'e9eda5d195270160d5b933d62c952af2') in 0.014908 seconds
  Import took 0.025646 seconds .

========================================================================
Received Import Request.
  Time since last request: 1.875357 seconds.
  path: Assets/VR Beginner/Scenes/Templates/EmptyPrototypeScene.unity
  artifactKey: Guid(edb896499a74f8d43943294fc4458ae2) Importer(815301076,1909f56bfc062723c751e8b465ee728b)
Start importing Assets/VR Beginner/Scenes/Templates/EmptyPrototypeScene.unity using Guid(edb896499a74f8d43943294fc4458ae2) Importer(815301076,1909f56bfc062723c751e8b465ee728b)  -> (artifact id: 'a1bd7698078b553e9fcbe3b19fb3357c') in 0.016508 seconds
  Import took 0.027752 seconds .

========================================================================
Received Import Request.
  Time since last request: 1.288172 seconds.
  path: Assets/VR Beginner/Scenes/Templates/EmptyScene.unity
  artifactKey: Guid(0a8e6f393019bdd48aa904b304b8c5d4) Importer(815301076,1909f56bfc062723c751e8b465ee728b)
Start importing Assets/VR Beginner/Scenes/Templates/EmptyScene.unity using Guid(0a8e6f393019bdd48aa904b304b8c5d4) Importer(815301076,1909f56bfc062723c751e8b465ee728b)  -> (artifact id: '36f143963b81735fd03f1459dd1c37be') in 0.016071 seconds
  Import took 0.027005 seconds .

========================================================================
Received Prepare
Registering precompiled user dll's ...
Registered in 0.010914 seconds.
Begin MonoManager ReloadAssembly
Native extension for WindowsStandalone target not found
Refreshing native plugins compatible for Editor in 0.69 ms, found 3 plugins.
Preloading 1 native plugins for Editor in 0.12 ms.
Invoked RoslynAnalysisRunner static constructor.
RoslynAnalysisRunner will not be running.
RoslynAnalysisRunner has terminated.
NullReferenceException: Object reference not set to an instance of an object
  at Unity.XR.Oculus.OculusLoader.AssetPathToAbsolutePath (System.String assetPath) [0x00048] in C:\Users\DeaDD\AppData\Local\Temp\fe68932ae91f2d04ea73a89f132eecda\Library\PackageCache\com.unity.xr.oculus@1.6.1\Runtime\OculusLoader.cs:242 
  at Unity.XR.Oculus.OculusLoader.EditorLoadOVRPlugin () [0x0007b] in C:\Users\DeaDD\AppData\Local\Temp\fe68932ae91f2d04ea73a89f132eecda\Library\PackageCache\com.unity.xr.oculus@1.6.1\Runtime\OculusLoader.cs:227 

(Filename: C:/Users/DeaDD/AppData/Local/Temp/fe68932ae91f2d04ea73a89f132eecda/Library/PackageCache/com.unity.xr.oculus@1.6.1/Runtime/OculusLoader.cs Line: 242)

Mono: successfully reloaded assembly
- Completed reload, in  1.451 seconds
Platform modules already initialized, skipping
Shader 'Universal Render Pipeline/Particles/Lit': fallback shader 'Universal Render Pipeline/Particles/SimpleLit' not found
Refreshing native plugins compatible for Editor in 0.80 ms, found 3 plugins.
Preloading 1 native plugins for Editor in 0.11 ms.
Unloading 3032 Unused Serialized files (Serialized files now loaded: 0)
System memory in use before: 149.9 MB.
System memory in use after: 150.2 MB.

Unloading 7 unused Assets to reduce memory usage. Loaded Objects now: 3691.
Total: 3.360700 ms (FindLiveObjects: 0.461600 ms CreateObjectMapping: 0.336900 ms MarkObjects: 2.508600 ms  DeleteObjects: 0.052400 ms)

AssetImportWorkerClient::OnTransportError - code=2 error=End of file
